{"contracts\\Marketplace.sol":{"l":{"62":24,"63":24,"87":49,"89":47,"93":7,"96":6,"100":4,"102":3,"106":46,"107":46,"108":46,"109":46,"110":46,"112":46,"116":1,"120":2,"124":1,"131":15,"133":15,"136":14,"143":14,"145":14,"157":29,"159":29,"171":18,"179":3,"194":6,"206":4,"217":6,"219":6,"222":5,"223":5,"224":5,"225":5,"226":5,"227":5,"229":5,"240":1,"241":1,"245":2,"249":1,"255":6,"257":6,"264":6,"265":6,"266":6,"273":1,"274":1,"276":1,"289":1,"290":1,"291":1,"293":1,"306":1,"308":1,"310":1,"311":1,"312":1,"313":1,"322":2,"323":2,"331":3,"343":1,"353":3,"364":6},"path":"E:/MyFiles/Codes/Blockchain/marketplace_dapp/contracts/Marketplace.sol","s":{"1":49,"2":7,"3":4,"4":46,"5":46,"6":46,"7":46,"8":46,"9":1,"10":2,"11":1,"12":15,"13":14,"14":14,"15":29,"16":18,"17":3,"18":6,"19":4,"20":6,"21":6,"22":5,"23":5,"24":5,"25":5,"26":5,"27":1,"28":2,"29":1,"30":6,"31":6,"32":6,"33":6,"34":1,"35":1,"36":1,"37":1,"38":1,"39":1,"40":1,"41":1,"42":1,"43":1,"44":1,"45":1,"46":2,"47":2,"48":3,"49":1,"50":3,"51":6},"b":{"1":[47,2],"2":[6,1],"3":[3,1],"4":[14,1],"5":[5,1]},"f":{"1":24,"2":49,"3":7,"4":4,"5":46,"6":1,"7":2,"8":1,"9":15,"10":29,"11":18,"12":3,"13":6,"14":4,"15":6,"16":1,"17":2,"18":1,"19":6,"20":1,"21":1,"22":1,"23":2,"24":3,"25":1,"26":3,"27":6},"fnMap":{"1":{"name":null,"line":61,"loc":{"start":{"line":61,"column":4},"end":{"line":61,"column":30}}},"2":{"name":"onlySeller","line":86,"loc":{"start":{"line":86,"column":4},"end":{"line":86,"column":23}}},"3":{"name":"onlyBuyer","line":92,"loc":{"start":{"line":92,"column":4},"end":{"line":92,"column":22}}},"4":{"name":"onlyRegistered","line":99,"loc":{"start":{"line":99,"column":4},"end":{"line":99,"column":27}}},"5":{"name":"registerUser","line":105,"loc":{"start":{"line":105,"column":4},"end":{"line":105,"column":70}}},"6":{"name":"getRole","line":115,"loc":{"start":{"line":115,"column":4},"end":{"line":115,"column":47}}},"7":{"name":"getUserAddress","line":119,"loc":{"start":{"line":119,"column":4},"end":{"line":119,"column":67}}},"8":{"name":"getUserAddressIndicesCount","line":123,"loc":{"start":{"line":123,"column":4},"end":{"line":123,"column":66}}},"9":{"name":"addItemForSale","line":127,"loc":{"start":{"line":127,"column":4},"end":{"line":130,"column":5}}},"10":{"name":"addImageForItemForSale","line":153,"loc":{"start":{"line":153,"column":4},"end":{"line":156,"column":5}}},"11":{"name":"getItemForSaleCount","line":166,"loc":{"start":{"line":166,"column":4},"end":{"line":170,"column":5}}},"12":{"name":"getItemForSale","line":174,"loc":{"start":{"line":174,"column":4},"end":{"line":178,"column":5}}},"13":{"name":"getItemForSaleImageCount","line":186,"loc":{"start":{"line":186,"column":4},"end":{"line":193,"column":5}}},"14":{"name":"getItemForSaleImage","line":197,"loc":{"start":{"line":197,"column":4},"end":{"line":205,"column":5}}},"15":{"name":"purchaseItem","line":209,"loc":{"start":{"line":209,"column":4},"end":{"line":216,"column":5}}},"16":{"name":"cashoutCommission","line":239,"loc":{"start":{"line":239,"column":4},"end":{"line":239,"column":55}}},"17":{"name":"viewCommission","line":244,"loc":{"start":{"line":244,"column":4},"end":{"line":244,"column":64}}},"18":{"name":"removeItemForSaleBySeller","line":248,"loc":{"start":{"line":248,"column":4},"end":{"line":248,"column":66}}},"19":{"name":"removeItemForSale","line":252,"loc":{"start":{"line":252,"column":4},"end":{"line":254,"column":5}}},"20":{"name":"updateContact","line":269,"loc":{"start":{"line":269,"column":4},"end":{"line":272,"column":29}}},"21":{"name":"updateItemForSale","line":283,"loc":{"start":{"line":283,"column":4},"end":{"line":288,"column":25}}},"22":{"name":"removeItemForSaleImage","line":302,"loc":{"start":{"line":302,"column":4},"end":{"line":305,"column":5}}},"23":{"name":"getSellerContact","line":316,"loc":{"start":{"line":316,"column":4},"end":{"line":321,"column":5}}},"24":{"name":"getItemBought","line":326,"loc":{"start":{"line":326,"column":4},"end":{"line":330,"column":5}}},"25":{"name":"itemsBoughtCount","line":338,"loc":{"start":{"line":338,"column":4},"end":{"line":342,"column":5}}},"26":{"name":"getItemBoughtImageCount","line":346,"loc":{"start":{"line":346,"column":4},"end":{"line":352,"column":5}}},"27":{"name":"getItemBoughtImage","line":356,"loc":{"start":{"line":356,"column":4},"end":{"line":363,"column":5}}}},"statementMap":{"1":{"start":{"line":87,"column":8},"end":{"line":87,"column":1979}},"2":{"start":{"line":93,"column":8},"end":{"line":93,"column":2117}},"3":{"start":{"line":100,"column":8},"end":{"line":100,"column":2309}},"4":{"start":{"line":106,"column":8},"end":{"line":106,"column":36}},"5":{"start":{"line":107,"column":8},"end":{"line":107,"column":39}},"6":{"start":{"line":108,"column":8},"end":{"line":108,"column":46}},"7":{"start":{"line":109,"column":8},"end":{"line":109,"column":48}},"8":{"start":{"line":112,"column":8},"end":{"line":112,"column":71}},"9":{"start":{"line":116,"column":6},"end":{"line":116,"column":41}},"10":{"start":{"line":120,"column":6},"end":{"line":120,"column":38}},"11":{"start":{"line":124,"column":6},"end":{"line":124,"column":38}},"12":{"start":{"line":133,"column":8},"end":{"line":133,"column":3308}},"13":{"start":{"line":136,"column":8},"end":{"line":136,"column":3348}},"14":{"start":{"line":145,"column":8},"end":{"line":145,"column":3580}},"15":{"start":{"line":159,"column":8},"end":{"line":159,"column":3910}},"16":{"start":{"line":171,"column":8},"end":{"line":171,"column":55}},"17":{"start":{"line":179,"column":8},"end":{"line":179,"column":4354}},"18":{"start":{"line":194,"column":8},"end":{"line":194,"column":84}},"19":{"start":{"line":206,"column":8},"end":{"line":206,"column":89}},"20":{"start":{"line":217,"column":8},"end":{"line":217,"column":70}},"21":{"start":{"line":219,"column":8},"end":{"line":219,"column":5375}},"22":{"start":{"line":222,"column":8},"end":{"line":222,"column":84}},"23":{"start":{"line":223,"column":8},"end":{"line":223,"column":71}},"24":{"start":{"line":224,"column":8},"end":{"line":224,"column":63}},"25":{"start":{"line":226,"column":8},"end":{"line":226,"column":50}},"26":{"start":{"line":229,"column":8},"end":{"line":229,"column":5810}},"27":{"start":{"line":240,"column":8},"end":{"line":240,"column":21}},"28":{"start":{"line":245,"column":8},"end":{"line":245,"column":25}},"29":{"start":{"line":249,"column":8},"end":{"line":249,"column":43}},"30":{"start":{"line":255,"column":8},"end":{"line":255,"column":66}},"31":{"start":{"line":257,"column":8},"end":{"line":257,"column":6524}},"32":{"start":{"line":264,"column":8},"end":{"line":264,"column":64}},"33":{"start":{"line":265,"column":8},"end":{"line":265,"column":98}},"34":{"start":{"line":273,"column":6},"end":{"line":273,"column":44}},"35":{"start":{"line":274,"column":6},"end":{"line":274,"column":46}},"36":{"start":{"line":276,"column":6},"end":{"line":276,"column":7085}},"37":{"start":{"line":289,"column":8},"end":{"line":289,"column":56}},"38":{"start":{"line":290,"column":8},"end":{"line":290,"column":70}},"39":{"start":{"line":291,"column":8},"end":{"line":291,"column":58}},"40":{"start":{"line":293,"column":8},"end":{"line":293,"column":7538}},"41":{"start":{"line":306,"column":8},"end":{"line":306,"column":106}},"42":{"start":{"line":308,"column":8},"end":{"line":308,"column":67}},"43":{"start":{"line":310,"column":8},"end":{"line":310,"column":88}},"44":{"start":{"line":311,"column":8},"end":{"line":311,"column":109}},"45":{"start":{"line":312,"column":8},"end":{"line":312,"column":92}},"46":{"start":{"line":322,"column":8},"end":{"line":322,"column":66}},"47":{"start":{"line":323,"column":8},"end":{"line":323,"column":58}},"48":{"start":{"line":331,"column":8},"end":{"line":331,"column":8758}},"49":{"start":{"line":343,"column":6},"end":{"line":343,"column":49}},"50":{"start":{"line":353,"column":8},"end":{"line":353,"column":80}},"51":{"start":{"line":364,"column":8},"end":{"line":364,"column":85}}},"branchMap":{"1":{"line":87,"type":"if","locations":[{"start":{"line":87,"column":8},"end":{"line":87,"column":8}},{"start":{"line":87,"column":8},"end":{"line":87,"column":8}}]},"2":{"line":93,"type":"if","locations":[{"start":{"line":93,"column":8},"end":{"line":93,"column":8}},{"start":{"line":93,"column":8},"end":{"line":93,"column":8}}]},"3":{"line":100,"type":"if","locations":[{"start":{"line":100,"column":8},"end":{"line":100,"column":8}},{"start":{"line":100,"column":8},"end":{"line":100,"column":8}}]},"4":{"line":133,"type":"if","locations":[{"start":{"line":133,"column":8},"end":{"line":133,"column":8}},{"start":{"line":133,"column":8},"end":{"line":133,"column":8}}]},"5":{"line":219,"type":"if","locations":[{"start":{"line":219,"column":8},"end":{"line":219,"column":8}},{"start":{"line":219,"column":8},"end":{"line":219,"column":8}}]}}},"contracts\\Ownable.sol":{"l":{"12":24,"16":6,"17":5,"21":2,"22":1,"24":1},"path":"E:/MyFiles/Codes/Blockchain/marketplace_dapp/contracts/Ownable.sol","s":{"1":24,"2":6,"3":2,"4":1,"5":1},"b":{"1":[5,1],"2":[1,1]},"f":{"1":24,"2":6,"3":2},"fnMap":{"1":{"name":null,"line":11,"loc":{"start":{"line":11,"column":4},"end":{"line":11,"column":22}}},"2":{"name":"onlyOwner","line":15,"loc":{"start":{"line":15,"column":4},"end":{"line":15,"column":22}}},"3":{"name":"transferOwnership","line":20,"loc":{"start":{"line":20,"column":4},"end":{"line":20,"column":63}}}},"statementMap":{"1":{"start":{"line":12,"column":8},"end":{"line":12,"column":25}},"2":{"start":{"line":16,"column":8},"end":{"line":16,"column":35}},"3":{"start":{"line":21,"column":8},"end":{"line":21,"column":38}},"4":{"start":{"line":22,"column":8},"end":{"line":22,"column":23}},"5":{"start":{"line":24,"column":8},"end":{"line":24,"column":50}}},"branchMap":{"1":{"line":16,"type":"if","locations":[{"start":{"line":16,"column":8},"end":{"line":16,"column":8}},{"start":{"line":16,"column":8},"end":{"line":16,"column":8}}]},"2":{"line":21,"type":"if","locations":[{"start":{"line":21,"column":8},"end":{"line":21,"column":8}},{"start":{"line":21,"column":8},"end":{"line":21,"column":8}}]}}},"contracts\\SafeMathLib.sol":{"l":{"5":6,"6":1,"9":5,"10":5,"12":5,"16":6,"17":5,"21":5,"22":5,"23":5,"27":6,"28":5},"path":"E:/MyFiles/Codes/Blockchain/marketplace_dapp/contracts/SafeMathLib.sol","s":{"1":6,"2":1,"3":5,"4":5,"5":5,"6":6,"7":5,"8":5,"9":5,"10":5,"11":6,"12":5},"b":{"1":[1,5],"2":[5,0],"3":[5,1],"4":[5,0]},"f":{"1":6,"2":6,"3":5,"4":6},"fnMap":{"1":{"name":"multiply","line":4,"loc":{"start":{"line":4,"column":4},"end":{"line":4,"column":62}}},"2":{"name":"subtract","line":15,"loc":{"start":{"line":15,"column":4},"end":{"line":15,"column":62}}},"3":{"name":"add","line":20,"loc":{"start":{"line":20,"column":4},"end":{"line":20,"column":57}}},"4":{"name":"divide","line":26,"loc":{"start":{"line":26,"column":4},"end":{"line":26,"column":63}}}},"statementMap":{"1":{"start":{"line":5,"column":8},"end":{"line":5,"column":132}},"2":{"start":{"line":6,"column":10},"end":{"line":6,"column":18}},"3":{"start":{"line":9,"column":8},"end":{"line":9,"column":21}},"4":{"start":{"line":10,"column":8},"end":{"line":10,"column":26}},"5":{"start":{"line":12,"column":8},"end":{"line":12,"column":16}},"6":{"start":{"line":16,"column":8},"end":{"line":16,"column":22}},"7":{"start":{"line":17,"column":8},"end":{"line":17,"column":20}},"8":{"start":{"line":21,"column":8},"end":{"line":21,"column":21}},"9":{"start":{"line":22,"column":8},"end":{"line":22,"column":32}},"10":{"start":{"line":23,"column":8},"end":{"line":23,"column":16}},"11":{"start":{"line":27,"column":8},"end":{"line":27,"column":21}},"12":{"start":{"line":28,"column":8},"end":{"line":28,"column":16}}},"branchMap":{"1":{"line":5,"type":"if","locations":[{"start":{"line":5,"column":8},"end":{"line":5,"column":8}},{"start":{"line":5,"column":8},"end":{"line":5,"column":8}}]},"2":{"line":10,"type":"if","locations":[{"start":{"line":10,"column":8},"end":{"line":10,"column":8}},{"start":{"line":10,"column":8},"end":{"line":10,"column":8}}]},"3":{"line":16,"type":"if","locations":[{"start":{"line":16,"column":8},"end":{"line":16,"column":8}},{"start":{"line":16,"column":8},"end":{"line":16,"column":8}}]},"4":{"line":22,"type":"if","locations":[{"start":{"line":22,"column":8},"end":{"line":22,"column":8}},{"start":{"line":22,"column":8},"end":{"line":22,"column":8}}]}}}}