{"contracts\\Marketplace.sol":{"l":{"57":14,"58":14,"82":42,"84":40,"88":5,"91":5,"95":1,"97":0,"101":0,"105":0,"109":0,"113":26,"114":26,"115":26,"116":26,"117":26,"119":26,"123":0,"127":0,"134":12,"135":12,"142":12,"144":12,"156":25,"158":25,"170":16,"178":3,"193":6,"205":4,"216":5,"218":5,"221":5,"222":5,"223":5,"224":5,"225":5,"226":5,"228":5,"239":1,"240":1,"244":1,"248":1,"254":6,"256":6,"263":6,"264":6,"265":6,"274":1,"275":1,"276":1,"278":1,"291":1,"293":1,"295":1,"296":1,"297":1,"298":1,"307":0,"308":0,"316":3,"328":1,"338":3,"349":6},"path":"E:/MyFiles/Codes/Blockchain/marketplace_dapp/contracts/Marketplace.sol","s":{"1":42,"2":5,"3":1,"4":0,"5":0,"6":0,"7":26,"8":26,"9":26,"10":26,"11":26,"12":0,"13":0,"14":12,"15":12,"16":25,"17":16,"18":3,"19":6,"20":4,"21":5,"22":5,"23":5,"24":5,"25":5,"26":5,"27":5,"28":1,"29":1,"30":1,"31":6,"32":6,"33":6,"34":6,"35":1,"36":1,"37":1,"38":1,"39":1,"40":1,"41":1,"42":1,"43":1,"44":0,"45":0,"46":3,"47":1,"48":3,"49":6},"b":{"1":[40,2],"2":[5,0],"3":[0,1],"4":[5,0]},"f":{"1":14,"2":42,"3":5,"4":1,"5":0,"6":0,"7":0,"8":26,"9":0,"10":0,"11":12,"12":25,"13":16,"14":3,"15":6,"16":4,"17":5,"18":1,"19":1,"20":1,"21":6,"22":1,"23":1,"24":0,"25":3,"26":1,"27":3,"28":6},"fnMap":{"1":{"name":null,"line":56,"loc":{"start":{"line":56,"column":4},"end":{"line":56,"column":30}}},"2":{"name":"onlySeller","line":81,"loc":{"start":{"line":81,"column":4},"end":{"line":81,"column":23}}},"3":{"name":"onlyBuyer","line":87,"loc":{"start":{"line":87,"column":4},"end":{"line":87,"column":22}}},"4":{"name":"onlyRegistered","line":94,"loc":{"start":{"line":94,"column":4},"end":{"line":94,"column":27}}},"5":{"name":"isSeller","line":100,"loc":{"start":{"line":100,"column":4},"end":{"line":100,"column":60}}},"6":{"name":"isBuyer","line":104,"loc":{"start":{"line":104,"column":4},"end":{"line":104,"column":59}}},"7":{"name":"isMatch","line":108,"loc":{"start":{"line":108,"column":4},"end":{"line":108,"column":75}}},"8":{"name":"registerUser","line":112,"loc":{"start":{"line":112,"column":4},"end":{"line":112,"column":70}}},"9":{"name":"getUserAddress","line":122,"loc":{"start":{"line":122,"column":4},"end":{"line":122,"column":67}}},"10":{"name":"getUserAddressIndicesCount","line":126,"loc":{"start":{"line":126,"column":4},"end":{"line":126,"column":66}}},"11":{"name":"addItemForSale","line":130,"loc":{"start":{"line":130,"column":4},"end":{"line":133,"column":5}}},"12":{"name":"addImageForItemForSale","line":152,"loc":{"start":{"line":152,"column":4},"end":{"line":155,"column":5}}},"13":{"name":"getItemForSaleCount","line":165,"loc":{"start":{"line":165,"column":4},"end":{"line":169,"column":5}}},"14":{"name":"getItemForSale","line":173,"loc":{"start":{"line":173,"column":4},"end":{"line":177,"column":5}}},"15":{"name":"getItemForSaleImageCount","line":185,"loc":{"start":{"line":185,"column":4},"end":{"line":192,"column":5}}},"16":{"name":"getItemForSaleImage","line":196,"loc":{"start":{"line":196,"column":4},"end":{"line":204,"column":5}}},"17":{"name":"purchaseItem","line":208,"loc":{"start":{"line":208,"column":4},"end":{"line":215,"column":5}}},"18":{"name":"cashoutCommission","line":238,"loc":{"start":{"line":238,"column":4},"end":{"line":238,"column":55}}},"19":{"name":"viewCommission","line":243,"loc":{"start":{"line":243,"column":4},"end":{"line":243,"column":64}}},"20":{"name":"removeItemForSaleBySeller","line":247,"loc":{"start":{"line":247,"column":4},"end":{"line":247,"column":66}}},"21":{"name":"removeItemForSale","line":251,"loc":{"start":{"line":251,"column":4},"end":{"line":253,"column":5}}},"22":{"name":"updateItemForSale","line":268,"loc":{"start":{"line":268,"column":4},"end":{"line":273,"column":25}}},"23":{"name":"removeItemForSaleImage","line":287,"loc":{"start":{"line":287,"column":4},"end":{"line":290,"column":5}}},"24":{"name":"getSellerContact","line":301,"loc":{"start":{"line":301,"column":4},"end":{"line":306,"column":5}}},"25":{"name":"getItemBought","line":311,"loc":{"start":{"line":311,"column":4},"end":{"line":315,"column":5}}},"26":{"name":"itemsBoughtCount","line":323,"loc":{"start":{"line":323,"column":4},"end":{"line":327,"column":5}}},"27":{"name":"getItemBoughtImageCount","line":331,"loc":{"start":{"line":331,"column":4},"end":{"line":337,"column":5}}},"28":{"name":"getItemBoughtImage","line":341,"loc":{"start":{"line":341,"column":4},"end":{"line":348,"column":5}}}},"statementMap":{"1":{"start":{"line":82,"column":8},"end":{"line":82,"column":1869}},"2":{"start":{"line":88,"column":8},"end":{"line":88,"column":2007}},"3":{"start":{"line":95,"column":8},"end":{"line":95,"column":2199}},"4":{"start":{"line":101,"column":8},"end":{"line":101,"column":46}},"5":{"start":{"line":105,"column":8},"end":{"line":105,"column":45}},"6":{"start":{"line":109,"column":8},"end":{"line":109,"column":29}},"7":{"start":{"line":113,"column":8},"end":{"line":113,"column":36}},"8":{"start":{"line":114,"column":8},"end":{"line":114,"column":39}},"9":{"start":{"line":115,"column":8},"end":{"line":115,"column":46}},"10":{"start":{"line":116,"column":8},"end":{"line":116,"column":48}},"11":{"start":{"line":119,"column":8},"end":{"line":119,"column":71}},"12":{"start":{"line":123,"column":6},"end":{"line":123,"column":38}},"13":{"start":{"line":127,"column":6},"end":{"line":127,"column":38}},"14":{"start":{"line":135,"column":8},"end":{"line":135,"column":3429}},"15":{"start":{"line":144,"column":8},"end":{"line":144,"column":3661}},"16":{"start":{"line":158,"column":8},"end":{"line":158,"column":3991}},"17":{"start":{"line":170,"column":8},"end":{"line":170,"column":55}},"18":{"start":{"line":178,"column":8},"end":{"line":178,"column":4435}},"19":{"start":{"line":193,"column":8},"end":{"line":193,"column":84}},"20":{"start":{"line":205,"column":8},"end":{"line":205,"column":89}},"21":{"start":{"line":216,"column":8},"end":{"line":216,"column":70}},"22":{"start":{"line":218,"column":8},"end":{"line":218,"column":5456}},"23":{"start":{"line":221,"column":8},"end":{"line":221,"column":84}},"24":{"start":{"line":222,"column":8},"end":{"line":222,"column":71}},"25":{"start":{"line":223,"column":8},"end":{"line":223,"column":63}},"26":{"start":{"line":225,"column":8},"end":{"line":225,"column":50}},"27":{"start":{"line":228,"column":8},"end":{"line":228,"column":5891}},"28":{"start":{"line":240,"column":8},"end":{"line":240,"column":21}},"29":{"start":{"line":244,"column":8},"end":{"line":244,"column":25}},"30":{"start":{"line":248,"column":8},"end":{"line":248,"column":43}},"31":{"start":{"line":254,"column":8},"end":{"line":254,"column":66}},"32":{"start":{"line":256,"column":8},"end":{"line":256,"column":6604}},"33":{"start":{"line":263,"column":8},"end":{"line":263,"column":64}},"34":{"start":{"line":264,"column":8},"end":{"line":264,"column":98}},"35":{"start":{"line":274,"column":8},"end":{"line":274,"column":56}},"36":{"start":{"line":275,"column":8},"end":{"line":275,"column":70}},"37":{"start":{"line":276,"column":8},"end":{"line":276,"column":58}},"38":{"start":{"line":278,"column":8},"end":{"line":278,"column":7320}},"39":{"start":{"line":291,"column":8},"end":{"line":291,"column":106}},"40":{"start":{"line":293,"column":8},"end":{"line":293,"column":67}},"41":{"start":{"line":295,"column":8},"end":{"line":295,"column":88}},"42":{"start":{"line":296,"column":8},"end":{"line":296,"column":109}},"43":{"start":{"line":297,"column":8},"end":{"line":297,"column":92}},"44":{"start":{"line":307,"column":8},"end":{"line":307,"column":66}},"45":{"start":{"line":308,"column":8},"end":{"line":308,"column":58}},"46":{"start":{"line":316,"column":8},"end":{"line":316,"column":8540}},"47":{"start":{"line":328,"column":6},"end":{"line":328,"column":49}},"48":{"start":{"line":338,"column":8},"end":{"line":338,"column":80}},"49":{"start":{"line":349,"column":8},"end":{"line":349,"column":85}}},"branchMap":{"1":{"line":82,"type":"if","locations":[{"start":{"line":82,"column":8},"end":{"line":82,"column":8}},{"start":{"line":82,"column":8},"end":{"line":82,"column":8}}]},"2":{"line":88,"type":"if","locations":[{"start":{"line":88,"column":8},"end":{"line":88,"column":8}},{"start":{"line":88,"column":8},"end":{"line":88,"column":8}}]},"3":{"line":95,"type":"if","locations":[{"start":{"line":95,"column":8},"end":{"line":95,"column":8}},{"start":{"line":95,"column":8},"end":{"line":95,"column":8}}]},"4":{"line":218,"type":"if","locations":[{"start":{"line":218,"column":8},"end":{"line":218,"column":8}},{"start":{"line":218,"column":8},"end":{"line":218,"column":8}}]}}},"contracts\\Ownable.sol":{"l":{"12":14,"16":2,"17":2,"21":0,"22":0,"24":0},"path":"E:/MyFiles/Codes/Blockchain/marketplace_dapp/contracts/Ownable.sol","s":{"1":14,"2":2,"3":0,"4":0,"5":0},"b":{"1":[2,0],"2":[0,0]},"f":{"1":14,"2":2,"3":0},"fnMap":{"1":{"name":null,"line":11,"loc":{"start":{"line":11,"column":4},"end":{"line":11,"column":22}}},"2":{"name":"onlyOwner","line":15,"loc":{"start":{"line":15,"column":4},"end":{"line":15,"column":22}}},"3":{"name":"changeOwner","line":20,"loc":{"start":{"line":20,"column":4},"end":{"line":20,"column":57}}}},"statementMap":{"1":{"start":{"line":12,"column":8},"end":{"line":12,"column":25}},"2":{"start":{"line":16,"column":8},"end":{"line":16,"column":35}},"3":{"start":{"line":21,"column":8},"end":{"line":21,"column":38}},"4":{"start":{"line":22,"column":8},"end":{"line":22,"column":23}},"5":{"start":{"line":24,"column":8},"end":{"line":24,"column":50}}},"branchMap":{"1":{"line":16,"type":"if","locations":[{"start":{"line":16,"column":8},"end":{"line":16,"column":8}},{"start":{"line":16,"column":8},"end":{"line":16,"column":8}}]},"2":{"line":21,"type":"if","locations":[{"start":{"line":21,"column":8},"end":{"line":21,"column":8}},{"start":{"line":21,"column":8},"end":{"line":21,"column":8}}]}}},"contracts\\SafeMathLib.sol":{"l":{"5":5,"6":5,"7":5,"11":5,"12":5,"16":5,"17":5,"18":5,"22":5,"23":5},"path":"E:/MyFiles/Codes/Blockchain/marketplace_dapp/contracts/SafeMathLib.sol","s":{"1":5,"2":5,"3":5,"4":5,"5":5,"6":5,"7":5,"8":5,"9":5,"10":5},"b":{"1":[5,0],"2":[5,0],"3":[5,0]},"f":{"1":5,"2":5,"3":5,"4":5},"fnMap":{"1":{"name":"multiply","line":4,"loc":{"start":{"line":4,"column":4},"end":{"line":4,"column":62}}},"2":{"name":"subtract","line":10,"loc":{"start":{"line":10,"column":4},"end":{"line":10,"column":62}}},"3":{"name":"add","line":15,"loc":{"start":{"line":15,"column":4},"end":{"line":15,"column":57}}},"4":{"name":"divide","line":21,"loc":{"start":{"line":21,"column":4},"end":{"line":21,"column":71}}}},"statementMap":{"1":{"start":{"line":5,"column":8},"end":{"line":5,"column":21}},"2":{"start":{"line":6,"column":8},"end":{"line":6,"column":36}},"3":{"start":{"line":7,"column":8},"end":{"line":7,"column":16}},"4":{"start":{"line":11,"column":8},"end":{"line":11,"column":22}},"5":{"start":{"line":12,"column":8},"end":{"line":12,"column":20}},"6":{"start":{"line":16,"column":8},"end":{"line":16,"column":21}},"7":{"start":{"line":17,"column":8},"end":{"line":17,"column":28}},"8":{"start":{"line":18,"column":8},"end":{"line":18,"column":16}},"9":{"start":{"line":22,"column":8},"end":{"line":22,"column":24}},"10":{"start":{"line":23,"column":8},"end":{"line":23,"column":16}}},"branchMap":{"1":{"line":6,"type":"if","locations":[{"start":{"line":6,"column":8},"end":{"line":6,"column":8}},{"start":{"line":6,"column":8},"end":{"line":6,"column":8}}]},"2":{"line":11,"type":"if","locations":[{"start":{"line":11,"column":8},"end":{"line":11,"column":8}},{"start":{"line":11,"column":8},"end":{"line":11,"column":8}}]},"3":{"line":17,"type":"if","locations":[{"start":{"line":17,"column":8},"end":{"line":17,"column":8}},{"start":{"line":17,"column":8},"end":{"line":17,"column":8}}]}}}}